
> build
> vite build

[36mvite v7.3.1 [32mbuilding client environment for production...[36m[39m
transforming...
[32m鉁?[39m 54 modules transformed.
鉁?[39m Build failed in 185ms
error during build:
[vite:esbuild] Transform failed with 1 error:
D:/code/openclaw/ui/src/ui/views/chat.ts:146:7: ERROR: Expected ";" but found "{"
file: D:/code/openclaw/ui/src/ui/views/chat.ts:146:7

Expected ";" but found "{"
144 |  // ...
145 |  
146 |        ${
    |         ^
147 |      props.loading
148 |        ? html`

    at failureErrorWithLog (D:\code\openclaw\ui\node_modules\esbuild\lib\main.js:1467:15)
    at D:\code\openclaw\ui\node_modules\esbuild\lib\main.js:736:50
    at responseCallbacks.<computed> (D:\code\openclaw\ui\node_modules\esbuild\lib\main.js:603:9)
    at handleIncomingPacket (D:\code\openclaw\ui\node_modules\esbuild\lib\main.js:658:12)
    at Socket.readFromStdout (D:\code\openclaw\ui\node_modules\esbuild\lib\main.js:581:7)
    at Socket.emit (node:events:519:28)
    at addChunk (node:internal/streams/readable:561:12)
    at readableAddChunkPushByteMode (node:internal/streams/readable:512:3)
    at Readable.push (node:internal/streams/readable:392:5)
    at Pipe.onStreamRead (node:internal/stream_base_commons:189:23)
